Asisterin/android/capacitor-cordova-android-plugins/build/intermediates/manifest_merge_blame_file/debug/manifest-merger-blame-debug-report.txt
1<?xml version="1.0" encoding="utf-8"?>
2<manifest xmlns:amazon="http://schemas.amazon.com/apk/res/android"
3    xmlns:android="http://schemas.android.com/apk/res/android"
4    package="capacitor.android.plugins" >
5
6    <uses-sdk
7        android:minSdkVersion="22"
7-->src\main\AndroidManifest.xml
8        android:targetSdkVersion="32" />
8-->src\main\AndroidManifest.xml
9
10    <uses-permission android:name="android.permission.WRITE_EXTERNAL_STORAGE" />
10-->src\main\AndroidManifest.xml:11:1-76
10-->src\main\AndroidManifest.xml:11:18-74
11
12    <queries>
12-->src\main\AndroidManifest.xml:12:1-26:11
13        <intent>
13-->src\main\AndroidManifest.xml:13:3-15:12
14            <action android:name="android.media.action.IMAGE_CAPTURE" />
14-->src\main\AndroidManifest.xml:14:5-64
14-->src\main\AndroidManifest.xml:14:13-62
15        </intent>
16        <intent>
16-->src\main\AndroidManifest.xml:16:3-18:12
17            <action android:name="android.intent.action.GET_CONTENT" />
17-->src\main\AndroidManifest.xml:17:5-63
17-->src\main\AndroidManifest.xml:17:13-61
18        </intent>
19        <intent>
19-->src\main\AndroidManifest.xml:19:3-21:12
20            <action android:name="android.intent.action.PICK" />
20-->src\main\AndroidManifest.xml:20:5-56
20-->src\main\AndroidManifest.xml:20:13-54
21        </intent>
22        <intent>
22-->src\main\AndroidManifest.xml:22:3-25:12
23            <action android:name="com.android.camera.action.CROP" />
23-->src\main\AndroidManifest.xml:23:5-60
23-->src\main\AndroidManifest.xml:23:13-58
24
25            <data
25-->src\main\AndroidManifest.xml:24:5-64
26                android:mimeType="image/*"
26-->src\main\AndroidManifest.xml:24:36-62
27                android:scheme="content" />
27-->src\main\AndroidManifest.xml:24:11-35
28        </intent>
29    </queries>
30
31    <uses-feature
31-->src\main\AndroidManifest.xml:27:1-80
32        android:name="android.hardware.camera"
32-->src\main\AndroidManifest.xml:27:15-53
33        android:required="false" />
33-->src\main\AndroidManifest.xml:27:54-78
34    <uses-feature
34-->src\main\AndroidManifest.xml:28:1-90
35        android:name="android.hardware.camera.autofocus"
35-->src\main\AndroidManifest.xml:28:15-63
36        android:required="false" />
36-->src\main\AndroidManifest.xml:28:64-88
37
38    <uses-permission android:name="android.permission.CAMERA" />
38-->src\main\AndroidManifest.xml:29:1-60
38-->src\main\AndroidManifest.xml:29:18-58
39    <uses-permission android:name="android.permission.RECORD_AUDIO" />
39-->src\main\AndroidManifest.xml:30:1-66
39-->src\main\AndroidManifest.xml:30:18-64
40
41    <application>
41-->src\main\AndroidManifest.xml:5:1-10:15
42        <provider
42-->src\main\AndroidManifest.xml:6:1-8:12
43            android:name="org.apache.cordova.camera.FileProvider"
43-->src\main\AndroidManifest.xml:6:11-64
44            android:authorities="${applicationId}.cordova.plugin.camera.provider"
44-->src\main\AndroidManifest.xml:6:65-134
45            android:exported="false"
45-->src\main\AndroidManifest.xml:6:135-159
46            android:grantUriPermissions="true" >
46-->src\main\AndroidManifest.xml:6:160-194
47            <meta-data
47-->src\main\AndroidManifest.xml:7:3-112
48                android:name="android.support.FILE_PROVIDER_PATHS"
48-->src\main\AndroidManifest.xml:7:14-64
49                android:resource="@xml/camera_provider_paths" />
49-->src\main\AndroidManifest.xml:7:65-110
50        </provider>
51
52        <activity
52-->src\main\AndroidManifest.xml:9:1-152
53            android:name="com.cordovaplugincamerapreview.CameraActivity"
53-->src\main\AndroidManifest.xml:9:11-71
54            android:screenOrientation="portrait"
54-->src\main\AndroidManifest.xml:9:72-108
55            android:theme="@style/CameraPreviewTheme" />
55-->src\main\AndroidManifest.xml:9:109-150
56    </application>
57
58</manifest>